Gazebo multi-robot simulator, version 7.7.0
Copyright (C) 2012 Open Source Robotics Foundation.
Released under the Apache 2 License.
http://gazebosim.org


(1519679659 417650932) [Msg] Waiting for master.
(1519679659 426845422) [Msg] Connected to gazebo master @ http://127.0.0.1:11345
(1519679659 427122439) [Msg] Publicized address: 10.104.16.148
(1519679659 961112665) [Msg] 
Log playback:
  Log Version: 1.0
  Gazebo Version: 7.7.0
  Random Seed: 495929376
  Log Start Time: 0 1000000
  Log End Time: 73 63000000
(1519679660 930956145) applying Gaussian noise model with mean 0, stddev 0.001, bias 0
(1519679660 938893345) applying Gaussian noise model with mean 0, stddev 0.001, bias 0
(1519679660 944114571) [Wrn] [msgs.cc:1807] Conversion of sensor type[logical_camera] not suppported.
(1519679660 949419085) [Wrn] [msgs.cc:1807] Conversion of sensor type[logical_camera] not suppported.
(1519679660 979556506) [Wrn] [msgs.cc:1807] Conversion of sensor type[logical_camera] not suppported.
(1519679660 996192824) [Wrn] [msgs.cc:1807] Conversion of sensor type[logical_camera] not suppported.
(1519679661 232919435) ODESliderJoint::SetAnchor not implemented.
(1519679661 238694870) Init world[ariac]
(1519679661 283651657) [Dbg] [ProximityRayPlugin.cc:74] Setting update rate of parent sensor to 20 Hz
(1519679661 494998075) [Wrn] [msgs.cc:1807] Conversion of sensor type[logical_camera] not suppported.
(1519679661 495437036) [Wrn] [msgs.cc:1807] Conversion of sensor type[logical_camera] not suppported.
(1519679661 497218320) [Wrn] [msgs.cc:1807] Conversion of sensor type[logical_camera] not suppported.
(1519679661 498460060) [Wrn] [msgs.cc:1807] Conversion of sensor type[logical_camera] not suppported.
(1519679662 108411998) [Wrn] [msgs.cc:1807] Conversion of sensor type[logical_camera] not suppported.
(1519679662 108654362) [Wrn] [msgs.cc:1807] Conversion of sensor type[logical_camera] not suppported.
(1519679662 109447170) [Wrn] [msgs.cc:1807] Conversion of sensor type[logical_camera] not suppported.
(1519679662 110167438) [Wrn] [msgs.cc:1807] Conversion of sensor type[logical_camera] not suppported.
(1519679673 424192122) ODESliderJoint::SetAnchor not implemented.
